This is LuaTeX, Version 1.11.2 (MiKTeX 2.9.7300 64-bit)  (format=luatex 2020.2.12)  8 MAY 2020 14:37
 restricted system commands enabled.
**Histogram.tex
(./Histogram.tex
("C:/Users/mahar/AppData/Local/Programs/MiKTeX 2.9/tex/generic/pictex/pictex.te
x") (./Normal.txt)
! Undefined control sequence.
<recently read> \frac 
      
<argument> $\frac 
       {1}{\sqrt {2\pi }}$
\!setputobject ...->\setbox \!putobject =\hbox {#1
                                                  }\!ht =\ht \!putobject \!d...
\put #1#2 at #3 #4 ->\!setputobject {#1}{#2}
                                            \!xpos =\!M {#3}\!xunit \!ypos =...
<argument> ...ut {$\frac {1}{\sqrt {2\pi }}$} [cr] at -5.3 1 
                                                  \put {\sl Standard Normal ...
\centerline #1->\line {\hss #1
                              \hss }
l.16 \endpicture}
               \vfill\end
The control sequence at the end of the top line
of your error message was never \def'ed. If you have
misspelled it (e.g., `\hobx'), type `I' and the correct
spelling (e.g., `I\hbox'). Otherwise just continue,
and I'll forget about whatever was undefined.

(./HistogramData.txt) [1{C:/Users/mahar/AppData/Local/MiKTeX/2.9/pdftex/config/p
dftex.map}])<C:/Users/mahar/AppData/Local/Programs/MiKTeX 2.9/fonts/type1/public
/amsfonts/cm/cmmi10.pfb><C:/Users/mahar/AppData/Local/Programs/MiKTeX 2.9/fonts/
type1/public/amsfonts/cm/cmr10.pfb><C:/Users/mahar/AppData/Local/Programs/MiKTeX
 2.9/fonts/type1/public/amsfonts/cm/cmr5.pfb><C:/Users/mahar/AppData/Local/Progr
ams/MiKTeX 2.9/fonts/type1/public/amsfonts/cm/cmsl10.pfb><C:/Users/mahar/AppData
/Local/Programs/MiKTeX 2.9/fonts/type1/public/amsfonts/cm/cmsy10.pfb>
Output written on Histogram.pdf (1 page, 50440 bytes).

PDF statistics: 26 PDF objects out of 1000 (max. 8388607)
 0 named destinations out of 1000 (max. 131072)
 1 words of extra memory for PDF output out of 10000 (max. 100000000)

